<?xml version="1.0" encoding="UTF-8"?>
<!-- Generated by org.testng.reporters.JUnitXMLReporter -->
<testsuite hostname="Jaya-Janardhana" ignored="0" name="Test" tests="4" failures="2" timestamp="2022-10-04T16:53:32 IST" time="48.066" errors="0">
  <testcase name="runScenario" time="11.993" classname="io.cucumber.testng.AbstractTestNGCucumberTests"/>
  <testcase name="runScenario" time="9.951" classname="io.cucumber.testng.AbstractTestNGCucumberTests">
    <failure type="java.lang.AssertionError" message="URL mismatched expected [https://opensource-demo.orangehrmlive.com/web/index.php/pim/viewEmployeeList] but found [https://opensource-demo.orangehrmlive.com/web/index.php/auth/login]">
      <![CDATA[java.lang.AssertionError: URL mismatched expected [https://opensource-demo.orangehrmlive.com/web/index.php/pim/viewEmployeeList] but found [https://opensource-demo.orangehrmlive.com/web/index.php/auth/login]
at com.sadakar.stepdefinitions.HRMLoginPage.validateURL(HRMLoginPage.java:36)
at ✽.validate the URL(classpath:features/HRMLogin.feature:15)
... Removed 5 stack frames]]>
    </failure>
  </testcase> <!-- runScenario -->
  <testcase name="runScenario" time="16.97" classname="io.cucumber.testng.AbstractTestNGCucumberTests"/>
  <testcase name="runScenario" time="7.94" classname="io.cucumber.testng.AbstractTestNGCucumberTests">
    <failure type="java.lang.AssertionError" message="URL mismatched expected [https://opensource-demo.orangehrmlive.com/web/index.php/pim/viewEmployeeList] but found [https://opensource-demo.orangehrmlive.com/web/index.php/auth/login]">
      <![CDATA[java.lang.AssertionError: URL mismatched expected [https://opensource-demo.orangehrmlive.com/web/index.php/pim/viewEmployeeList] but found [https://opensource-demo.orangehrmlive.com/web/index.php/auth/login]
at com.sadakar.stepdefinitions.HRMLoginPage.validateURL(HRMLoginPage.java:36)
at ✽.validate the URL(classpath:features/HRMLogout.feature:16)
... Removed 5 stack frames]]>
    </failure>
  </testcase> <!-- runScenario -->
</testsuite> <!-- Test -->
