<?xml version="1.0" encoding="UTF-8"?>
<testng-results ignored="0" total="2" passed="1" failed="1" skipped="0">
  <reporter-output>
  </reporter-output>
  <suite started-at="2023-04-12T19:51:00 IST" name="Suite" finished-at="2023-04-12T19:51:57 IST" duration-ms="56165">
    <groups>
      <group name="cucumber">
        <method signature="AbstractTestNGCucumberTests.runScenario(io.cucumber.testng.PickleWrapper,io.cucumber.testng.FeatureWrapper)[pri:0, instance:com.sadakar.testng.runner.RunCucumberTest@22555ebf]" name="runScenario" class="io.cucumber.testng.AbstractTestNGCucumberTests"/>
      </group> <!-- cucumber -->
    </groups>
    <test started-at="2023-04-12T19:51:00 IST" name="Test" finished-at="2023-04-12T19:51:57 IST" duration-ms="56165">
      <class name="com.sadakar.testng.runner.RunCucumberTest">
        <test-method is-config="true" signature="setUpClass()[pri:0, instance:com.sadakar.testng.runner.RunCucumberTest@22555ebf]" started-at="2023-04-12T19:51:00 IST" name="setUpClass" finished-at="2023-04-12T19:51:02 IST" duration-ms="1225" status="PASS">
          <reporter-output>
          </reporter-output>
        </test-method> <!-- setUpClass -->
        <test-method signature="runScenario(io.cucumber.testng.PickleWrapper,io.cucumber.testng.FeatureWrapper)[pri:0, instance:com.sadakar.testng.runner.RunCucumberTest@22555ebf]" started-at="2023-04-12T19:51:02 IST" name="runScenario" description="Runs Cucumber Scenarios" data-provider="scenarios" finished-at="2023-04-12T19:51:29 IST" duration-ms="27400" status="PASS">
          <params>
            <param index="0">
              <value>
                <![CDATA["LoginValidCredentials"]]>
              </value>
            </param>
            <param index="1">
              <value>
                <![CDATA["Optional[Login to HRM Application]"]]>
              </value>
            </param>
          </params>
          <reporter-output>
          </reporter-output>
        </test-method> <!-- runScenario -->
        <test-method signature="runScenario(io.cucumber.testng.PickleWrapper,io.cucumber.testng.FeatureWrapper)[pri:0, instance:com.sadakar.testng.runner.RunCucumberTest@22555ebf]" started-at="2023-04-12T19:51:29 IST" name="runScenario" description="Runs Cucumber Scenarios" data-provider="scenarios" finished-at="2023-04-12T19:51:56 IST" duration-ms="26527" status="FAIL">
          <params>
            <param index="0">
              <value>
                <![CDATA["LoginWithInvalidCredentials"]]>
              </value>
            </param>
            <param index="1">
              <value>
                <![CDATA["Optional[Login to HRM Application]"]]>
              </value>
            </param>
          </params>
          <exception class="java.lang.AssertionError">
            <message>
              <![CDATA[URL mismatched expected [https://opensource-demo.orangehrmlive.com/web/index.php/dashboard/index] but found [https://opensource-demo.orangehrmlive.com/web/index.php/auth/login]]]>
            </message>
            <full-stacktrace>
              <![CDATA[java.lang.AssertionError: URL mismatched expected [https://opensource-demo.orangehrmlive.com/web/index.php/dashboard/index] but found [https://opensource-demo.orangehrmlive.com/web/index.php/auth/login]
at org.testng.Assert.fail(Assert.java:110)
at org.testng.Assert.failNotEquals(Assert.java:1413)
at org.testng.Assert.assertEqualsImpl(Assert.java:149)
at org.testng.Assert.assertEquals(Assert.java:131)
at org.testng.Assert.assertEquals(Assert.java:655)
at com.sadakar.stepdefinitions.HRMLoginPage.validateURL(HRMLoginPage.java:36)
at ✽.validate the URL(classpath:features/HRMLogin.feature:15)
]]>
            </full-stacktrace>
          </exception> <!-- java.lang.AssertionError -->
          <reporter-output>
          </reporter-output>
        </test-method> <!-- runScenario -->
        <test-method is-config="true" signature="tearDownClass()[pri:0, instance:com.sadakar.testng.runner.RunCucumberTest@22555ebf]" started-at="2023-04-12T19:51:56 IST" name="tearDownClass" finished-at="2023-04-12T19:51:57 IST" duration-ms="955" status="PASS">
          <reporter-output>
          </reporter-output>
        </test-method> <!-- tearDownClass -->
      </class> <!-- com.sadakar.testng.runner.RunCucumberTest -->
    </test> <!-- Test -->
  </suite> <!-- Suite -->
</testng-results>
